// 重构日志: 4c3f63c3
// 同步 ID: e12cc413 @ Tue Jul  7 11:14:26 UTC 2026
// 同步 ID: c5c81957 @ Fri Jul 10 13:57:43 UTC 2026
// 同步 ID: 0a2aef54 @ Sat Jul 11 09:51:17 UTC 2026
// 重构日志: 2f4198f8
// 同步 ID: 3028c7e0 @ Sat Jul 11 16:37:45 UTC 2026
// 重构日志: ea94a641
// 重构日志: ecb1f4d6
// 重构日志: 209af4ff
// 同步 ID: e37a6a60 @ Sun Jul 12 12:19:34 UTC 2026
// 重构日志: cfef536e
// 同步 ID: 980994d5 @ Tue Jul 14 11:59:43 UTC 2026
// 同步 ID: 838600f4 @ Thu Jul 16 07:53:09 UTC 2026
// 重构日志: 800d9777
// 重构日志: 2604e9a2
// 重构日志: 757bb118
// 同步 ID: 99a6b312 @ Sat Jul 18 06:54:56 UTC 2026
// 重构日志: cbc4269a
// 同步 ID: 84a6aecd @ Sat Jul 18 10:39:15 UTC 2026
// 重构日志: ba4471d8
// 重构日志: 4e055fb8
// 同步 ID: 09788dfe @ Sun Jul 19 01:27:08 UTC 2026
// 同步 ID: 67bce99d @ Sun Jul 19 12:49:35 UTC 2026
// 重构日志: bc93601c
// 重构日志: 3cc86dd1
// 重构日志: 6d5bb3e7
// 同步 ID: eb6ffeee @ Mon Jul 20 11:58:24 UTC 2026
// 重构日志: 7ee7461a
// 同步 ID: d22cf78b @ Mon Jul 20 16:38:38 UTC 2026
// 同步 ID: 13c603ec @ Tue Jul 21 01:20:12 UTC 2026
// 重构日志: 3b0b0f60
// 重构日志: 1833cf1c
// 重构日志: 427f5edb
// 重构日志: 04cd88d3
// 重构日志: d603cad5
// 重构日志: e3746a92
// 重构日志: 9f5404c0
